<?xml version="1.0" encoding="UTF-8"?>
<testng-results skipped="0" failed="0" ignored="0" total="1" passed="1">
  <reporter-output>
  </reporter-output>
  <suite name="Default suite" duration-ms="9707" started-at="2022-07-11T12:35:57 IST" finished-at="2022-07-11T12:36:06 IST">
    <groups>
    </groups>
    <test name="Default test" duration-ms="9707" started-at="2022-07-11T12:35:57 IST" finished-at="2022-07-11T12:36:06 IST">
      <class name="Day1.Loginmodule">
        <test-method status="PASS" signature="CD()[pri:0, instance:Day1.Loginmodule@4cf4d528]" name="CD" is-config="true" duration-ms="3678" started-at="2022-07-11T12:35:57 IST" finished-at="2022-07-11T12:36:00 IST">
          <reporter-output>
          </reporter-output>
        </test-method> <!-- CD -->
        <test-method status="PASS" signature="login()[pri:0, instance:Day1.Loginmodule@4cf4d528]" name="login" duration-ms="5959" started-at="2022-07-11T12:36:00 IST" finished-at="2022-07-11T12:36:06 IST">
          <reporter-output>
          </reporter-output>
        </test-method> <!-- login -->
      </class> <!-- Day1.Loginmodule -->
    </test> <!-- Default test -->
  </suite> <!-- Default suite -->
</testng-results>
